<?xml version="1.0" encoding="UTF-8"?>
<coverage generated="1663080575995" clover="3.2.0">
  <project timestamp="1663080575995" name="All files">
    <metrics statements="16" coveredstatements="16" conditionals="4" coveredconditionals="4" methods="7" coveredmethods="7" elements="27" coveredelements="27" complexity="0" loc="16" ncloc="16" packages="1" files="2" classes="2"/>
    <file name="frame.js" path="/Users/davidcampbell/Documents/Projects/makersCourseProjects/bowlingChallenge/bowlingChallenge/bowling-challenge/frame.js">
      <metrics statements="8" coveredstatements="8" conditionals="2" coveredconditionals="2" methods="5" coveredmethods="5"/>
      <line num="1" count="2" type="stmt"/>
      <line num="5" count="12" type="stmt"/>
      <line num="9" count="18" type="stmt"/>
      <line num="13" count="2" type="stmt"/>
      <line num="17" count="5" type="stmt"/>
      <line num="21" count="3" type="cond" truecount="2" falsecount="0"/>
      <line num="22" count="2" type="stmt"/>
      <line num="26" count="2" type="stmt"/>
    </file>
    <file name="game.js" path="/Users/davidcampbell/Documents/Projects/makersCourseProjects/bowlingChallenge/bowlingChallenge/bowling-challenge/game.js">
      <metrics statements="8" coveredstatements="8" conditionals="2" coveredconditionals="2" methods="2" coveredmethods="2"/>
      <line num="1" count="1" type="stmt"/>
      <line num="5" count="2" type="stmt"/>
      <line num="9" count="4" type="stmt"/>
      <line num="10" count="4" type="cond" truecount="2" falsecount="0"/>
      <line num="11" count="1" type="stmt"/>
      <line num="12" count="1" type="stmt"/>
      <line num="14" count="4" type="stmt"/>
      <line num="18" count="1" type="stmt"/>
    </file>
  </project>
</coverage>
